0 info it worked if it ends with ok
1 verbose cli [ '/usr/bin/nodejs', '/usr/bin/npm', 'start' ]
2 info using npm@3.10.10
3 info using node@v6.10.3
4 verbose run-script [ 'prestart', 'start', 'poststart' ]
5 info lifecycle url-shortener-microservice@1.0.0~prestart: url-shortener-microservice@1.0.0
6 silly lifecycle url-shortener-microservice@1.0.0~prestart: no script for prestart, continuing
7 info lifecycle url-shortener-microservice@1.0.0~start: url-shortener-microservice@1.0.0
8 verbose lifecycle url-shortener-microservice@1.0.0~start: unsafe-perm in lifecycle true
9 verbose lifecycle url-shortener-microservice@1.0.0~start: PATH: /usr/lib/node_modules/npm/bin/node-gyp-bin:/home/jefferson/work/url-shortener-microservice/node_modules/.bin:/home/jefferson/.rbenv/plugins/ruby-build/bin:/home/jefferson/.rbenv/shims:/home/jefferson/.rbenv/bin:/home/jefferson/bin:/home/jefferson/.local/bin:/usr/local/sbin:/usr/local/bin:/usr/sbin:/usr/bin:/sbin:/bin:/usr/games:/usr/local/games:/snap/bin:/usr/local/go/bin:/home/jefferson/work/bin:/home/jefferson/.antigen/bundles/robbyrussell/oh-my-zsh/plugins/heroku
10 verbose lifecycle url-shortener-microservice@1.0.0~start: CWD: /home/jefferson/work/url-shortener-microservice
11 silly lifecycle url-shortener-microservice@1.0.0~start: Args: [ '-c', 'node index.js' ]
12 silly lifecycle url-shortener-microservice@1.0.0~start: Returned: code: 255  signal: null
13 info lifecycle url-shortener-microservice@1.0.0~start: Failed to exec start script
14 verbose stack Error: url-shortener-microservice@1.0.0 start: `node index.js`
14 verbose stack Exit status 255
14 verbose stack     at EventEmitter.<anonymous> (/usr/lib/node_modules/npm/lib/utils/lifecycle.js:255:16)
14 verbose stack     at emitTwo (events.js:106:13)
14 verbose stack     at EventEmitter.emit (events.js:191:7)
14 verbose stack     at ChildProcess.<anonymous> (/usr/lib/node_modules/npm/lib/utils/spawn.js:40:14)
14 verbose stack     at emitTwo (events.js:106:13)
14 verbose stack     at ChildProcess.emit (events.js:191:7)
14 verbose stack     at maybeClose (internal/child_process.js:886:16)
14 verbose stack     at Process.ChildProcess._handle.onexit (internal/child_process.js:226:5)
15 verbose pkgid url-shortener-microservice@1.0.0
16 verbose cwd /home/jefferson/work/url-shortener-microservice
17 error Linux 4.4.0-78-generic
18 error argv "/usr/bin/nodejs" "/usr/bin/npm" "start"
19 error node v6.10.3
20 error npm  v3.10.10
21 error code ELIFECYCLE
22 error url-shortener-microservice@1.0.0 start: `node index.js`
22 error Exit status 255
23 error Failed at the url-shortener-microservice@1.0.0 start script 'node index.js'.
23 error Make sure you have the latest version of node.js and npm installed.
23 error If you do, this is most likely a problem with the url-shortener-microservice package,
23 error not with npm itself.
23 error Tell the author that this fails on your system:
23 error     node index.js
23 error You can get information on how to open an issue for this project with:
23 error     npm bugs url-shortener-microservice
23 error Or if that isn't available, you can get their info via:
23 error     npm owner ls url-shortener-microservice
23 error There is likely additional logging output above.
24 verbose exit [ 1, true ]
